2016-10-16 12:26:48,920 [Worker-0] INFO  c.g.t.t.d.PublishedGradleVersions - Gradle version information cache is out-of-date. Trying to update.
2016-10-16 13:43:40,330 [Worker-4] INFO  c.g.t.t.d.PublishedGradleVersions - Gradle version information cache is up-to-date. Trying to read.
2016-10-16 17:09:37,542 [Worker-3] INFO  c.g.t.t.d.PublishedGradleVersions - Gradle version information cache is up-to-date. Trying to read.
2016-11-07 13:20:51,148 [Worker-1] INFO  c.g.t.t.d.PublishedGradleVersions - Gradle version information cache is out-of-date. Trying to update.
2016-11-13 15:03:46,759 [Worker-2] INFO  c.g.t.t.d.PublishedGradleVersions - Gradle version information cache is out-of-date. Trying to update.
2016-11-13 21:48:13,334 [Worker-3] INFO  c.g.t.t.d.PublishedGradleVersions - Gradle version information cache is up-to-date. Trying to read.
2016-11-13 21:59:42,585 [Start Help Server] INFO  org.eclipse.jetty.util.log - Logging initialized @700780ms
2016-11-13 21:59:42,758 [Start Help Server] INFO  org.eclipse.jetty.server.Server - jetty-9.3.9.v20160517
2016-11-13 21:59:42,831 [Start Help Server] INFO  o.e.j.server.handler.ContextHandler - Started o.e.j.s.ServletContextHandler@74b24d64{/help,null,AVAILABLE}
2016-11-13 21:59:42,863 [Start Help Server] INFO  o.e.jetty.server.AbstractConnector - Started ServerConnector@2f868892{HTTP/1.1,[http/1.1]}{127.0.0.1:60878}
2016-11-13 21:59:42,864 [Start Help Server] INFO  org.eclipse.jetty.server.Server - Started @701060ms
2016-11-13 22:08:29,444 [Stop Help Server] INFO  o.e.jetty.server.AbstractConnector - Stopped ServerConnector@2f868892{HTTP/1.1,[http/1.1]}{127.0.0.1:0}
2016-11-13 22:08:29,473 [Stop Help Server] INFO  o.e.j.server.handler.ContextHandler - Stopped o.e.j.s.ServletContextHandler@74b24d64{/help,null,UNAVAILABLE}
2016-11-14 18:40:18,427 [Worker-1] INFO  c.g.t.t.d.PublishedGradleVersions - Gradle version information cache is out-of-date. Trying to update.
2016-11-14 18:40:19,128 [Worker-1] INFO  c.g.t.t.d.PublishedGradleVersions - Updating Gradle version information cache failed. Using outdated cache.
2016-11-16 18:50:38,622 [Worker-1] INFO  c.g.t.t.d.PublishedGradleVersions - Gradle version information cache is out-of-date. Trying to update.
2016-11-16 18:50:40,389 [Worker-1] INFO  c.g.t.t.d.PublishedGradleVersions - Updating Gradle version information cache failed. Using outdated cache.
2016-12-04 23:53:03,253 [Worker-1] INFO  c.g.t.t.d.PublishedGradleVersions - Gradle version information cache is out-of-date. Trying to update.
2016-12-04 23:53:04,964 [Worker-1] INFO  c.g.t.t.d.PublishedGradleVersions - Updating Gradle version information cache failed. Using outdated cache.
2016-12-05 11:42:02,064 [Worker-2] INFO  c.g.t.t.d.PublishedGradleVersions - Gradle version information cache is out-of-date. Trying to update.
2016-12-05 11:42:03,547 [Worker-2] INFO  c.g.t.t.d.PublishedGradleVersions - Updating Gradle version information cache failed. Using outdated cache.
